Arguments: 
  C:\Program Files\nodejs\node.exe C:\Program Files (x86)\Yarn\bin\yarn.js add react-native-base-64

PATH: 
  C:\Program Files (x86)\Intel\iCLS Client\;C:\Program Files\Intel\iCLS Client\;C:\WINDOWS\system32;C:\WINDOWS;C:\WINDOWS\System32\Wbem;C:\WINDOWS\System32\WindowsPowerShell\v1.0\;C:\Program Files (x86)\Intel\Intel(R) Management Engine Components\DAL;C:\Program Files\Intel\Intel(R) Management Engine Components\DAL;C:\Program Files (x86)\Intel\Intel(R) Management Engine Components\IPT;C:\Program Files\Intel\Intel(R) Management Engine Components\IPT;C:\WINDOWS\System32\OpenSSH\;C:\Program Files\Git\cmd;C:\Program Files\Git\mingw64\bin;C:\Program Files\Git\usr\bin;C:\Users\Lenovo\AppData\Local\Android\Sdk\platform-tools;C:\Program Files\Java\jdk-12\bin;C:\ProgramData\chocolatey\bin;C:\Program Files\Java\jdk1.8.0_211\bin;C:\Users\Lenovo\Documents\Flask\venv\Scripts;C:\Program Files\nodejs\;C:\Program Files (x86)\Yarn\bin\;C:\Program Files\MySQL\MySQL Shell 8.0\bin\;C:\Users\Lenovo\AppData\Roaming\npm;C:\Users\Lenovo\AppData\Local\Yarn\bin;C:\Users\Lenovo\AppData\Local\Programs\Microsoft VS Code\bin

Yarn version: 
  1.17.3

Node version: 
  12.10.0

Platform: 
  win32 x64

Trace: 
  Error: https://registry.yarnpkg.com/react-native-base-64: Not found
      at Request.params.callback [as _callback] (C:\Program Files (x86)\Yarn\lib\cli.js:65939:18)
      at Request.self.callback (C:\Program Files (x86)\Yarn\lib\cli.js:140464:22)
      at Request.emit (events.js:209:13)
      at Request.<anonymous> (C:\Program Files (x86)\Yarn\lib\cli.js:141436:10)
      at Request.emit (events.js:209:13)
      at IncomingMessage.<anonymous> (C:\Program Files (x86)\Yarn\lib\cli.js:141358:12)
      at Object.onceWrapper (events.js:298:28)
      at IncomingMessage.emit (events.js:214:15)
      at endReadableNT (_stream_readable.js:1178:12)
      at processTicksAndRejections (internal/process/task_queues.js:80:21)

npm manifest: 
  {
    "dependencies": {
      "react-native-image-base64": "^0.1.4",
      "react-native-image-picker": "^1.1.0"
    }
  }

yarn manifest: 
  No manifest

Lockfile: 
  # THIS IS AN AUTOGENERATED FILE. DO NOT EDIT THIS FILE DIRECTLY.
  # yarn lockfile v1
  
  
  react-native-image-base64@^0.1.4:
    version "0.1.4"
    resolved "https://registry.yarnpkg.com/react-native-image-base64/-/react-native-image-base64-0.1.4.tgz#0a4687740de9b04df63e649c5946fc646bc0f4e9"
    integrity sha512-WLdzwHdXFRLS9VStG1CG46+t+fcInjVWxKd1+AATElBhaAS3zwDHz7mYIZS1OX4VMuNClwl5G8dowuqUJ9aMGQ==
  
  react-native-image-picker@^1.1.0:
    version "1.1.0"
    resolved "https://registry.yarnpkg.com/react-native-image-picker/-/react-native-image-picker-1.1.0.tgz#c2a0523886edb4cf2cdc008ad0a71433142a4d53"
    integrity sha512-/KjHf4NNAjl6XM7FQuqvGDz1wB9sRdLf86+2yksLW/QTRR7CitX4TLCM8ZF9CX6Y0MsCTndkZia3zWE+nt/GiA==
